This is pdfTeX, Version 3.14159265-2.6-1.40.17 (TeX Live 2016/Debian) (preloaded format=pdflatex 2018.9.25)  18 OCT 2018 17:21
entering extended mode
 \write18 enabled.
 %&-line parsing enabled.
**main
(./main.tex
LaTeX2e <2017/01/01> patch level 3
Babel <3.9r> and hyphenation patterns for 8 language(s) loaded.
(./dccpaper.cls
Document Class: dccpaper 1996/09/19
*** 1996/09/19 Class for DCC conference papers ***
(/usr/share/texlive/texmf-dist/tex/latex/base/article.cls
Document Class: article 2014/09/29 v1.4h Standard LaTeX document class
(/usr/share/texlive/texmf-dist/tex/latex/base/size12.clo
File: size12.clo 2014/09/29 v1.4h Standard LaTeX file (size option)
)
\c@part=\count79
\c@section=\count80
\c@subsection=\count81
\c@subsubsection=\count82
\c@paragraph=\count83
\c@subparagraph=\count84
\c@figure=\count85
\c@table=\count86
\abovecaptionskip=\skip41
\belowcaptionskip=\skip42
\bibindent=\dimen102
) (/usr/share/texlive/texmf-dist/tex/latex/graphics/epsfig.sty
Package: epsfig 1999/02/16 v1.7a (e)psfig emulation (SPQR)
(/usr/share/texlive/texmf-dist/tex/latex/graphics/graphicx.sty
Package: graphicx 2014/10/28 v1.0g Enhanced LaTeX Graphics (DPC,SPQR)
(/usr/share/texlive/texmf-dist/tex/latex/graphics/keyval.sty
Package: keyval 2014/10/28 v1.15 key=value parser (DPC)
\KV@toks@=\toks14
) (/usr/share/texlive/texmf-dist/tex/latex/graphics/graphics.sty
Package: graphics 2016/10/09 v1.0u Standard LaTeX Graphics (DPC,SPQR)
(/usr/share/texlive/texmf-dist/tex/latex/graphics/trig.sty
Package: trig 2016/01/03 v1.10 sin cos tan (DPC)
) (/usr/share/texlive/texmf-dist/tex/latex/graphics-cfg/graphics.cfg
File: graphics.cfg 2016/06/04 v1.11 sample graphics configuration
)
Package graphics Info: Driver file: pdftex.def on input line 99.
(/usr/share/texlive/texmf-dist/tex/latex/graphics-def/pdftex.def
File: pdftex.def 2017/01/12 v0.06k Graphics/color for pdfTeX
(/usr/share/texlive/texmf-dist/tex/generic/oberdiek/infwarerr.sty
Package: infwarerr 2016/05/16 v1.4 Providing info/warning/error messages (HO)
) (/usr/share/texlive/texmf-dist/tex/generic/oberdiek/ltxcmds.sty
Package: ltxcmds 2016/05/16 v1.23 LaTeX kernel commands for general use (HO)
)
\Gread@gobject=\count87
))
\Gin@req@height=\dimen103
\Gin@req@width=\dimen104
)
\epsfxsize=\dimen105
\epsfysize=\dimen106
) (/usr/share/texlive/texmf-dist/tex/latex/amsmath/amsmath.sty
Package: amsmath 2016/11/05 v2.16a AMS math features
\@mathmargin=\skip43
For additional information on amsmath, use the `?' option.
(/usr/share/texlive/texmf-dist/tex/latex/amsmath/amstext.sty
Package: amstext 2000/06/29 v2.01 AMS text
(/usr/share/texlive/texmf-dist/tex/latex/amsmath/amsgen.sty
File: amsgen.sty 1999/11/30 v2.0 generic functions
\@emptytoks=\toks15
\ex@=\dimen107
)) (/usr/share/texlive/texmf-dist/tex/latex/amsmath/amsbsy.sty
Package: amsbsy 1999/11/29 v1.2d Bold Symbols
\pmbraise@=\dimen108
) (/usr/share/texlive/texmf-dist/tex/latex/amsmath/amsopn.sty
Package: amsopn 2016/03/08 v2.02 operator names
)
\inf@bad=\count88
LaTeX Info: Redefining \frac on input line 213.
\uproot@=\count89
\leftroot@=\count90
LaTeX Info: Redefining \overline on input line 375.
\classnum@=\count91
\DOTSCASE@=\count92
LaTeX Info: Redefining \ldots on input line 472.
LaTeX Info: Redefining \dots on input line 475.
LaTeX Info: Redefining \cdots on input line 596.
\Mathstrutbox@=\box26
\strutbox@=\box27
\big@size=\dimen109
LaTeX Font Info:    Redeclaring font encoding OML on input line 712.
LaTeX Font Info:    Redeclaring font encoding OMS on input line 713.
\macc@depth=\count93
\c@MaxMatrixCols=\count94
\dotsspace@=\muskip10
\c@parentequation=\count95
\dspbrk@lvl=\count96
\tag@help=\toks16
\row@=\count97
\column@=\count98
\maxfields@=\count99
\andhelp@=\toks17
\eqnshift@=\dimen110
\alignsep@=\dimen111
\tagshift@=\dimen112
\tagwidth@=\dimen113
\totwidth@=\dimen114
\lineht@=\dimen115
\@envbody=\toks18
\multlinegap=\skip44
\multlinetaggap=\skip45
\mathdisplay@stack=\toks19
LaTeX Info: Redefining \[ on input line 2817.
LaTeX Info: Redefining \] on input line 2818.
) (/usr/share/texlive/texmf-dist/tex/latex/tools/calc.sty
Package: calc 2014/10/28 v4.3 Infix arithmetic (KKT,FJ)
\calc@Acount=\count100
\calc@Bcount=\count101
\calc@Adimen=\dimen116
\calc@Bdimen=\dimen117
\calc@Askip=\skip46
\calc@Bskip=\skip47
LaTeX Info: Redefining \setlength on input line 80.
LaTeX Info: Redefining \addtolength on input line 81.
\calc@Ccount=\count102
\calc@Cskip=\skip48
) (/usr/share/texlive/texmf-dist/tex/latex/base/ifthen.sty
Package: ifthen 2014/09/29 v1.1c Standard LaTeX ifthen package (DPC)
)
\tempbox=\box28
) (/usr/share/texlive/texmf-dist/tex/latex/amsfonts/amssymb.sty
Package: amssymb 2013/01/14 v3.01 AMS font symbols
(/usr/share/texlive/texmf-dist/tex/latex/amsfonts/amsfonts.sty
Package: amsfonts 2013/01/14 v3.01 Basic AMSFonts support
\symAMSa=\mathgroup4
\symAMSb=\mathgroup5
LaTeX Font Info:    Overwriting math alphabet `\mathfrak' in version `bold'
(Font)                  U/euf/m/n --> U/euf/b/n on input line 106.
)) (/usr/share/texlive/texmf-dist/tex/latex/amscls/amsthm.sty
Package: amsthm 2015/03/04 v2.20.2
\thm@style=\toks20
\thm@bodyfont=\toks21
\thm@headfont=\toks22
\thm@notefont=\toks23
\thm@headpunct=\toks24
\thm@preskip=\skip49
\thm@postskip=\skip50
\thm@headsep=\skip51
\dth@everypar=\toks25
) (/usr/share/texlive/texmf-dist/tex/latex/thmtools/thmtools.sty
Package: thmtools 2014/04/21 v66
\thmt@toks=\toks26
\c@thmt@dummyctr=\count103
(/usr/share/texlive/texmf-dist/tex/latex/thmtools/thm-patch.sty
Package: thm-patch 2014/04/21 v66
(/usr/share/texlive/texmf-dist/tex/latex/thmtools/parseargs.sty
Package: parseargs 2014/04/21 v66
\@parsespec=\toks27
)) (/usr/share/texlive/texmf-dist/tex/latex/thmtools/thm-kv.sty
Package: thm-kv 2014/04/21 v66
Package thm-kv Info: Theorem names will be uppercased on input line 40.
(/usr/share/texlive/texmf-dist/tex/generic/oberdiek/kvsetkeys.sty
Package: kvsetkeys 2016/05/16 v1.17 Key value parser (HO)
(/usr/share/texlive/texmf-dist/tex/generic/oberdiek/etexcmds.sty
Package: etexcmds 2016/05/16 v1.6 Avoid name clashes with e-TeX commands (HO)
(/usr/share/texlive/texmf-dist/tex/generic/oberdiek/ifluatex.sty
Package: ifluatex 2016/05/16 v1.4 Provides the ifluatex switch (HO)
Package ifluatex Info: LuaTeX not detected.
)
Package etexcmds Info: Could not find \expanded.
(etexcmds)             That can mean that you are not using pdfTeX 1.50 or
(etexcmds)             that some package has redefined \expanded.
(etexcmds)             In the latter case, load this package earlier.
))
Package thm-kv Info: kvsetkeys patch (v1.16 or later) on input line 156.
) (/usr/share/texlive/texmf-dist/tex/latex/thmtools/thm-autoref.sty
Package: thm-autoref 2014/04/21 v66
(/usr/share/texlive/texmf-dist/tex/latex/thmtools/aliasctr.sty
Package: aliasctr 2014/04/21 v66
(/usr/share/texlive/texmf-dist/tex/latex/carlisle/remreset.sty))) (/usr/share/t
exlive/texmf-dist/tex/latex/thmtools/thm-listof.sty
Package: thm-listof 2014/04/21 v66
) (/usr/share/texlive/texmf-dist/tex/latex/thmtools/thm-restate.sty
Package: thm-restate 2014/04/21 v66
) (/usr/share/texlive/texmf-dist/tex/latex/thmtools/thm-amsthm.sty
Package: thm-amsthm 2014/04/21 v66
\thmt@style@headstyle=\toks28
)) (/usr/share/texlive/texmf-dist/tex/latex/amsmath/amsxtra.sty
Package: amsxtra 1999/11/15 v1.2c AMS extra commands
LaTeX Info: Redefining \nobreakspace on input line 54.
) (/usr/share/texlive/texmf-dist/tex/latex/xcolor/xcolor.sty
Package: xcolor 2016/05/11 v2.12 LaTeX color extensions (UK)
(/usr/share/texlive/texmf-dist/tex/latex/graphics-cfg/color.cfg
File: color.cfg 2016/01/02 v1.6 sample color configuration
)
Package xcolor Info: Driver file: pdftex.def on input line 225.
Package xcolor Info: Model `cmy' substituted by `cmy0' on input line 1348.
Package xcolor Info: Model `hsb' substituted by `rgb' on input line 1352.
Package xcolor Info: Model `RGB' extended on input line 1364.
Package xcolor Info: Model `HTML' substituted by `rgb' on input line 1366.
Package xcolor Info: Model `Hsb' substituted by `hsb' on input line 1367.
Package xcolor Info: Model `tHsb' substituted by `hsb' on input line 1368.
Package xcolor Info: Model `HSB' substituted by `hsb' on input line 1369.
Package xcolor Info: Model `Gray' substituted by `gray' on input line 1370.
Package xcolor Info: Model `wave' substituted by `hsb' on input line 1371.
(/usr/share/texlive/texmf-dist/tex/latex/graphics/dvipsnam.def
File: dvipsnam.def 2016/06/17 v3.0m Driver-dependent file (DPC,SPQR)
)) (/usr/share/texlive/texmf-dist/tex/latex/enumitem/enumitem.sty
Package: enumitem 2011/09/28 v3.5.2 Customized lists
\labelindent=\skip52
\enit@outerparindent=\dimen118
\enit@toks=\toks29
\enit@inbox=\box29
\enitdp@description=\count104
) (/usr/share/texlive/texmf-dist/tex/latex/mathtools/mathtools.sty
Package: mathtools 2015/11/12 v1.18 mathematical typesetting tools
(/usr/share/texlive/texmf-dist/tex/latex/mathtools/mhsetup.sty
Package: mhsetup 2010/01/21 v1.2a programming setup (MH)
)
LaTeX Info: Thecontrolsequence`\('isalreadyrobust on input line 129.
LaTeX Info: Thecontrolsequence`\)'isalreadyrobust on input line 129.
LaTeX Info: Thecontrolsequence`\['isalreadyrobust on input line 129.
LaTeX Info: Thecontrolsequence`\]'isalreadyrobust on input line 129.
\g_MT_multlinerow_int=\count105
\l_MT_multwidth_dim=\dimen119
\origjot=\skip53
\l_MT_shortvdotswithinadjustabove_dim=\dimen120
\l_MT_shortvdotswithinadjustbelow_dim=\dimen121
\l_MT_above_intertext_sep=\dimen122
\l_MT_below_intertext_sep=\dimen123
\l_MT_above_shortintertext_sep=\dimen124
\l_MT_below_shortintertext_sep=\dimen125
) (/usr/share/texlive/texmf-dist/tex/latex/base/latexsym.sty
Package: latexsym 1998/08/17 v2.2e Standard LaTeX package (lasy symbols)
\symlasy=\mathgroup6
LaTeX Font Info:    Overwriting symbol font `lasy' in version `bold'
(Font)                  U/lasy/m/n --> U/lasy/b/n on input line 52.
) (/usr/share/texlive/texmf-dist/tex/latex/jknapltx/mathrsfs.sty
Package: mathrsfs 1996/01/01 Math RSFS package v1.0 (jk)
\symrsfs=\mathgroup7
)
\c@prop=\count106
\c@Def=\count107
\c@lemma=\count108
\c@theorem=\count109
\c@MYtempeqncnt=\count110
(/usr/share/texlive/texmf-dist/tex/latex/algorithms/algorithm.sty
Package: algorithm 2009/08/24 v0.1 Document Style `algorithm' - floating enviro
nment
(/usr/share/texlive/texmf-dist/tex/latex/float/float.sty
Package: float 2001/11/08 v1.3d Float enhancements (AL)
\c@float@type=\count111
\float@exts=\toks30
\float@box=\box30
\@float@everytoks=\toks31
\@floatcapt=\box31
)
\@float@every@algorithm=\toks32
\c@algorithm=\count112
) (/usr/share/texlive/texmf-dist/tex/latex/algorithms/algorithmic.sty
Package: algorithmic 2009/08/24 v0.1 Document Style `algorithmic'
\c@ALC@unique=\count113
\c@ALC@line=\count114
\c@ALC@rem=\count115
\c@ALC@depth=\count116
\ALC@tlm=\skip54
\algorithmicindent=\skip55
) (/usr/share/texlive/texmf-dist/tex/latex/tools/verbatim.sty
Package: verbatim 2014/10/28 v1.5q LaTeX2e package for verbatim enhancements
\every@verbatim=\toks33
\verbatim@line=\toks34
\verbatim@in@stream=\read1
) (/usr/share/texlive/texmf-dist/tex/latex/srcltx/srcltx.sty
Package: srcltx 2006/11/12 v1.6 Source specials for inverse search in DVI files

\src@lastline=\count117
\src@new@everypar=\toks35
\src@new@output=\toks36
) (/usr/share/texlive/texmf-dist/tex/latex/base/inputenc.sty
Package: inputenc 2015/03/17 v1.2c Input encoding file
\inpenc@prehook=\toks37
\inpenc@posthook=\toks38
Package srcltx Info: Expanded filename `utf8.def' to `utf8.def.tex' on input li
ne 158.
:<+ utf8.def.tex
(/usr/share/texlive/texmf-dist/tex/latex/base/utf8.def
File: utf8.def 2017/01/28 v1.1t UTF-8 support for inputenc
Now handling font encoding OML ...
... no UTF-8 mapping file for font encoding OML
Now handling font encoding T1 ...
... processing UTF-8 mapping file for font encoding T1
(/usr/share/texlive/texmf-dist/tex/latex/base/t1enc.dfu
File: t1enc.dfu 2017/01/28 v1.1t UTF-8 support for inputenc
   defining Unicode char U+00A0 (decimal 160)
   defining Unicode char U+00A1 (decimal 161)
   defining Unicode char U+00A3 (decimal 163)
   defining Unicode char U+00AB (decimal 171)
   defining Unicode char U+00AD (decimal 173)
   defining Unicode char U+00BB (decimal 187)
   defining Unicode char U+00BF (decimal 191)
   defining Unicode char U+00C0 (decimal 192)
   defining Unicode char U+00C1 (decimal 193)
   defining Unicode char U+00C2 (decimal 194)
   defining Unicode char U+00C3 (decimal 195)
   defining Unicode char U+00C4 (decimal 196)
   defining Unicode char U+00C5 (decimal 197)
   defining Unicode char U+00C6 (decimal 198)
   defining Unicode char U+00C7 (decimal 199)
   defining Unicode char U+00C8 (decimal 200)
   defining Unicode char U+00C9 (decimal 201)
   defining Unicode char U+00CA (decimal 202)
   defining Unicode char U+00CB (decimal 203)
   defining Unicode char U+00CC (decimal 204)
   defining Unicode char U+00CD (decimal 205)
   defining Unicode char U+00CE (decimal 206)
   defining Unicode char U+00CF (decimal 207)
   defining Unicode char U+00D0 (decimal 208)
   defining Unicode char U+00D1 (decimal 209)
   defining Unicode char U+00D2 (decimal 210)
   defining Unicode char U+00D3 (decimal 211)
   defining Unicode char U+00D4 (decimal 212)
   defining Unicode char U+00D5 (decimal 213)
   defining Unicode char U+00D6 (decimal 214)
   defining Unicode char U+00D8 (decimal 216)
   defining Unicode char U+00D9 (decimal 217)
   defining Unicode char U+00DA (decimal 218)
   defining Unicode char U+00DB (decimal 219)
   defining Unicode char U+00DC (decimal 220)
   defining Unicode char U+00DD (decimal 221)
   defining Unicode char U+00DE (decimal 222)
   defining Unicode char U+00DF (decimal 223)
   defining Unicode char U+00E0 (decimal 224)
   defining Unicode char U+00E1 (decimal 225)
   defining Unicode char U+00E2 (decimal 226)
   defining Unicode char U+00E3 (decimal 227)
   defining Unicode char U+00E4 (decimal 228)
   defining Unicode char U+00E5 (decimal 229)
   defining Unicode char U+00E6 (decimal 230)
   defining Unicode char U+00E7 (decimal 231)
   defining Unicode char U+00E8 (decimal 232)
   defining Unicode char U+00E9 (decimal 233)
   defining Unicode char U+00EA (decimal 234)
   defining Unicode char U+00EB (decimal 235)
   defining Unicode char U+00EC (decimal 236)
   defining Unicode char U+00ED (decimal 237)
   defining Unicode char U+00EE (decimal 238)
   defining Unicode char U+00EF (decimal 239)
   defining Unicode char U+00F0 (decimal 240)
   defining Unicode char U+00F1 (decimal 241)
   defining Unicode char U+00F2 (decimal 242)
   defining Unicode char U+00F3 (decimal 243)
   defining Unicode char U+00F4 (decimal 244)
   defining Unicode char U+00F5 (decimal 245)
   defining Unicode char U+00F6 (decimal 246)
   defining Unicode char U+00F8 (decimal 248)
   defining Unicode char U+00F9 (decimal 249)
   defining Unicode char U+00FA (decimal 250)
   defining Unicode char U+00FB (decimal 251)
   defining Unicode char U+00FC (decimal 252)
   defining Unicode char U+00FD (decimal 253)
   defining Unicode char U+00FE (decimal 254)
   defining Unicode char U+00FF (decimal 255)
   defining Unicode char U+0100 (decimal 256)
   defining Unicode char U+0101 (decimal 257)
   defining Unicode char U+0102 (decimal 258)
   defining Unicode char U+0103 (decimal 259)
   defining Unicode char U+0104 (decimal 260)
   defining Unicode char U+0105 (decimal 261)
   defining Unicode char U+0106 (decimal 262)
   defining Unicode char U+0107 (decimal 263)
   defining Unicode char U+0108 (decimal 264)
   defining Unicode char U+0109 (decimal 265)
   defining Unicode char U+010A (decimal 266)
   defining Unicode char U+010B (decimal 267)
   defining Unicode char U+010C (decimal 268)
   defining Unicode char U+010D (decimal 269)
   defining Unicode char U+010E (decimal 270)
   defining Unicode char U+010F (decimal 271)
   defining Unicode char U+0110 (decimal 272)
   defining Unicode char U+0111 (decimal 273)
   defining Unicode char U+0112 (decimal 274)
   defining Unicode char U+0113 (decimal 275)
   defining Unicode char U+0114 (decimal 276)
   defining Unicode char U+0115 (decimal 277)
   defining Unicode char U+0116 (decimal 278)
   defining Unicode char U+0117 (decimal 279)
   defining Unicode char U+0118 (decimal 280)
   defining Unicode char U+0119 (decimal 281)
   defining Unicode char U+011A (decimal 282)
   defining Unicode char U+011B (decimal 283)
   defining Unicode char U+011C (decimal 284)
   defining Unicode char U+011D (decimal 285)
   defining Unicode char U+011E (decimal 286)
   defining Unicode char U+011F (decimal 287)
   defining Unicode char U+0120 (decimal 288)
   defining Unicode char U+0121 (decimal 289)
   defining Unicode char U+0122 (decimal 290)
   defining Unicode char U+0123 (decimal 291)
   defining Unicode char U+0124 (decimal 292)
   defining Unicode char U+0125 (decimal 293)
   defining Unicode char U+0128 (decimal 296)
   defining Unicode char U+0129 (decimal 297)
   defining Unicode char U+012A (decimal 298)
   defining Unicode char U+012B (decimal 299)
   defining Unicode char U+012C (decimal 300)
   defining Unicode char U+012D (decimal 301)
   defining Unicode char U+012E (decimal 302)
   defining Unicode char U+012F (decimal 303)
   defining Unicode char U+0130 (decimal 304)
   defining Unicode char U+0131 (decimal 305)
   defining Unicode char U+0132 (decimal 306)
   defining Unicode char U+0133 (decimal 307)
   defining Unicode char U+0134 (decimal 308)
   defining Unicode char U+0135 (decimal 309)
   defining Unicode char U+0136 (decimal 310)
   defining Unicode char U+0137 (decimal 311)
   defining Unicode char U+0139 (decimal 313)
   defining Unicode char U+013A (decimal 314)
   defining Unicode char U+013B (decimal 315)
   defining Unicode char U+013C (decimal 316)
   defining Unicode char U+013D (decimal 317)
   defining Unicode char U+013E (decimal 318)
   defining Unicode char U+0141 (decimal 321)
   defining Unicode char U+0142 (decimal 322)
   defining Unicode char U+0143 (decimal 323)
   defining Unicode char U+0144 (decimal 324)
   defining Unicode char U+0145 (decimal 325)
   defining Unicode char U+0146 (decimal 326)
   defining Unicode char U+0147 (decimal 327)
   defining Unicode char U+0148 (decimal 328)
   defining Unicode char U+014A (decimal 330)
   defining Unicode char U+014B (decimal 331)
   defining Unicode char U+014C (decimal 332)
   defining Unicode char U+014D (decimal 333)
   defining Unicode char U+014E (decimal 334)
   defining Unicode char U+014F (decimal 335)
   defining Unicode char U+0150 (decimal 336)
   defining Unicode char U+0151 (decimal 337)
   defining Unicode char U+0152 (decimal 338)
   defining Unicode char U+0153 (decimal 339)
   defining Unicode char U+0154 (decimal 340)
   defining Unicode char U+0155 (decimal 341)
   defining Unicode char U+0156 (decimal 342)
   defining Unicode char U+0157 (decimal 343)
   defining Unicode char U+0158 (decimal 344)
   defining Unicode char U+0159 (decimal 345)
   defining Unicode char U+015A (decimal 346)
   defining Unicode char U+015B (decimal 347)
   defining Unicode char U+015C (decimal 348)
   defining Unicode char U+015D (decimal 349)
   defining Unicode char U+015E (decimal 350)
   defining Unicode char U+015F (decimal 351)
   defining Unicode char U+0160 (decimal 352)
   defining Unicode char U+0161 (decimal 353)
   defining Unicode char U+0162 (decimal 354)
   defining Unicode char U+0163 (decimal 355)
   defining Unicode char U+0164 (decimal 356)
   defining Unicode char U+0165 (decimal 357)
   defining Unicode char U+0168 (decimal 360)
   defining Unicode char U+0169 (decimal 361)
   defining Unicode char U+016A (decimal 362)
   defining Unicode char U+016B (decimal 363)
   defining Unicode char U+016C (decimal 364)
   defining Unicode char U+016D (decimal 365)
   defining Unicode char U+016E (decimal 366)
   defining Unicode char U+016F (decimal 367)
   defining Unicode char U+0170 (decimal 368)
   defining Unicode char U+0171 (decimal 369)
   defining Unicode char U+0172 (decimal 370)
   defining Unicode char U+0173 (decimal 371)
   defining Unicode char U+0174 (decimal 372)
   defining Unicode char U+0175 (decimal 373)
   defining Unicode char U+0176 (decimal 374)
   defining Unicode char U+0177 (decimal 375)
   defining Unicode char U+0178 (decimal 376)
   defining Unicode char U+0179 (decimal 377)
   defining Unicode char U+017A (decimal 378)
   defining Unicode char U+017B (decimal 379)
   defining Unicode char U+017C (decimal 380)
   defining Unicode char U+017D (decimal 381)
   defining Unicode char U+017E (decimal 382)
   defining Unicode char U+01CD (decimal 461)
   defining Unicode char U+01CE (decimal 462)
   defining Unicode char U+01CF (decimal 463)
   defining Unicode char U+01D0 (decimal 464)
   defining Unicode char U+01D1 (decimal 465)
   defining Unicode char U+01D2 (decimal 466)
   defining Unicode char U+01D3 (decimal 467)
   defining Unicode char U+01D4 (decimal 468)
   defining Unicode char U+01E2 (decimal 482)
   defining Unicode char U+01E3 (decimal 483)
   defining Unicode char U+01E6 (decimal 486)
   defining Unicode char U+01E7 (decimal 487)
   defining Unicode char U+01E8 (decimal 488)
   defining Unicode char U+01E9 (decimal 489)
   defining Unicode char U+01EA (decimal 490)
   defining Unicode char U+01EB (decimal 491)
   defining Unicode char U+01F0 (decimal 496)
   defining Unicode char U+01F4 (decimal 500)
   defining Unicode char U+01F5 (decimal 501)
   defining Unicode char U+0218 (decimal 536)
   defining Unicode char U+0219 (decimal 537)
   defining Unicode char U+021A (decimal 538)
   defining Unicode char U+021B (decimal 539)
   defining Unicode char U+0232 (decimal 562)
   defining Unicode char U+0233 (decimal 563)
   defining Unicode char U+1E02 (decimal 7682)
   defining Unicode char U+1E03 (decimal 7683)
   defining Unicode char U+200C (decimal 8204)
   defining Unicode char U+2010 (decimal 8208)
   defining Unicode char U+2011 (decimal 8209)
   defining Unicode char U+2012 (decimal 8210)
   defining Unicode char U+2013 (decimal 8211)
   defining Unicode char U+2014 (decimal 8212)
   defining Unicode char U+2015 (decimal 8213)
   defining Unicode char U+2018 (decimal 8216)
   defining Unicode char U+2019 (decimal 8217)
   defining Unicode char U+201A (decimal 8218)
   defining Unicode char U+201C (decimal 8220)
   defining Unicode char U+201D (decimal 8221)
   defining Unicode char U+201E (decimal 8222)
   defining Unicode char U+2030 (decimal 8240)
   defining Unicode char U+2031 (decimal 8241)
   defining Unicode char U+2039 (decimal 8249)
   defining Unicode char U+203A (decimal 8250)
   defining Unicode char U+2423 (decimal 9251)
   defining Unicode char U+1E20 (decimal 7712)
   defining Unicode char U+1E21 (decimal 7713)
)
Now handling font encoding OT1 ...
... processing UTF-8 mapping file for font encoding OT1
(/usr/share/texlive/texmf-dist/tex/latex/base/ot1enc.dfu
File: ot1enc.dfu 2017/01/28 v1.1t UTF-8 support for inputenc
   defining Unicode char U+00A0 (decimal 160)
   defining Unicode char U+00A1 (decimal 161)
   defining Unicode char U+00A3 (decimal 163)
   defining Unicode char U+00AD (decimal 173)
   defining Unicode char U+00B8 (decimal 184)
   defining Unicode char U+00BF (decimal 191)
   defining Unicode char U+00C5 (decimal 197)
   defining Unicode char U+00C6 (decimal 198)
   defining Unicode char U+00D8 (decimal 216)
   defining Unicode char U+00DF (decimal 223)
   defining Unicode char U+00E6 (decimal 230)
   defining Unicode char U+00EC (decimal 236)
   defining Unicode char U+00ED (decimal 237)
   defining Unicode char U+00EE (decimal 238)
   defining Unicode char U+00EF (decimal 239)
   defining Unicode char U+00F8 (decimal 248)
   defining Unicode char U+0131 (decimal 305)
   defining Unicode char U+0141 (decimal 321)
   defining Unicode char U+0142 (decimal 322)
   defining Unicode char U+0152 (decimal 338)
   defining Unicode char U+0153 (decimal 339)
   defining Unicode char U+0174 (decimal 372)
   defining Unicode char U+0175 (decimal 373)
   defining Unicode char U+0176 (decimal 374)
   defining Unicode char U+0177 (decimal 375)
   defining Unicode char U+0218 (decimal 536)
   defining Unicode char U+0219 (decimal 537)
   defining Unicode char U+021A (decimal 538)
   defining Unicode char U+021B (decimal 539)
   defining Unicode char U+2013 (decimal 8211)
   defining Unicode char U+2014 (decimal 8212)
   defining Unicode char U+2018 (decimal 8216)
   defining Unicode char U+2019 (decimal 8217)
   defining Unicode char U+201C (decimal 8220)
   defining Unicode char U+201D (decimal 8221)
)
Now handling font encoding OMS ...
... processing UTF-8 mapping file for font encoding OMS
(/usr/share/texlive/texmf-dist/tex/latex/base/omsenc.dfu
File: omsenc.dfu 2017/01/28 v1.1t UTF-8 support for inputenc
   defining Unicode char U+00A7 (decimal 167)
   defining Unicode char U+00B6 (decimal 182)
   defining Unicode char U+00B7 (decimal 183)
   defining Unicode char U+2020 (decimal 8224)
   defining Unicode char U+2021 (decimal 8225)
   defining Unicode char U+2022 (decimal 8226)
)
Now handling font encoding OMX ...
... no UTF-8 mapping file for font encoding OMX
Now handling font encoding U ...
... no UTF-8 mapping file for font encoding U
   defining Unicode char U+00A9 (decimal 169)
   defining Unicode char U+00AA (decimal 170)
   defining Unicode char U+00AE (decimal 174)
   defining Unicode char U+00BA (decimal 186)
   defining Unicode char U+02C6 (decimal 710)
   defining Unicode char U+02DC (decimal 732)
   defining Unicode char U+200C (decimal 8204)
   defining Unicode char U+2026 (decimal 8230)
   defining Unicode char U+2122 (decimal 8482)
   defining Unicode char U+2423 (decimal 9251)
)
:<-
) (/usr/share/texlive/texmf-dist/tex/latex/base/fontenc.sty
Package: fontenc 2017/02/22 v2.0g Standard LaTeX package
(/usr/share/texlive/texmf-dist/tex/latex/base/t1enc.def
File: t1enc.def 2017/02/22 v2.0g Standard LaTeX file
LaTeX Font Info:    Redeclaring font encoding T1 on input line 48.
)) (/usr/share/texlive/texmf-dist/tex/latex/hyperref/hyperref.sty
Package: hyperref 2016/06/24 v6.83q Hypertext links for LaTeX
(/usr/share/texlive/texmf-dist/tex/generic/oberdiek/hobsub-hyperref.sty
Package: hobsub-hyperref 2016/05/16 v1.14 Bundle oberdiek, subset hyperref (HO)

(/usr/share/texlive/texmf-dist/tex/generic/oberdiek/hobsub-generic.sty
Package: hobsub-generic 2016/05/16 v1.14 Bundle oberdiek, subset generic (HO)
Package: hobsub 2016/05/16 v1.14 Construct package bundles (HO)
Package hobsub Info: Skipping package `infwarerr' (already loaded).
Package hobsub Info: Skipping package `ltxcmds' (already loaded).
Package hobsub Info: Skipping package `ifluatex' (already loaded).
Package: ifvtex 2016/05/16 v1.6 Detect VTeX and its facilities (HO)
Package ifvtex Info: VTeX not detected.
Package: intcalc 2016/05/16 v1.2 Expandable calculations with integers (HO)
Package: ifpdf 2016/05/14 v3.1 Provides the ifpdf switch
Package hobsub Info: Skipping package `etexcmds' (already loaded).
Package hobsub Info: Skipping package `kvsetkeys' (already loaded).
Package: kvdefinekeys 2016/05/16 v1.4 Define keys (HO)
Package: pdftexcmds 2016/05/21 v0.22 Utility functions of pdfTeX for LuaTeX (HO
)
Package pdftexcmds Info: LuaTeX not detected.
Package pdftexcmds Info: \pdf@primitive is available.
Package pdftexcmds Info: \pdf@ifprimitive is available.
Package pdftexcmds Info: \pdfdraftmode found.
Package: pdfescape 2016/05/16 v1.14 Implements pdfTeX's escape features (HO)
Package: bigintcalc 2016/05/16 v1.4 Expandable calculations on big integers (HO
)
Package: bitset 2016/05/16 v1.2 Handle bit-vector datatype (HO)
Package: uniquecounter 2016/05/16 v1.3 Provide unlimited unique counter (HO)
)
Package hobsub Info: Skipping package `hobsub' (already loaded).
Package: letltxmacro 2016/05/16 v1.5 Let assignment for LaTeX macros (HO)
Package: hopatch 2016/05/16 v1.3 Wrapper for package hooks (HO)
Package: xcolor-patch 2016/05/16 xcolor patch
Package: atveryend 2016/05/16 v1.9 Hooks at the very end of document (HO)
Package atveryend Info: \enddocument detected (standard20110627).
Package: atbegshi 2016/06/09 v1.18 At begin shipout hook (HO)
Package: refcount 2016/05/16 v3.5 Data extraction from label references (HO)
Package: hycolor 2016/05/16 v1.8 Color options for hyperref/bookmark (HO)
) (/usr/share/texlive/texmf-dist/tex/generic/ifxetex/ifxetex.sty
Package: ifxetex 2010/09/12 v0.6 Provides ifxetex conditional
) (/usr/share/texlive/texmf-dist/tex/latex/oberdiek/auxhook.sty
Package: auxhook 2016/05/16 v1.4 Hooks for auxiliary files (HO)
) (/usr/share/texlive/texmf-dist/tex/latex/oberdiek/kvoptions.sty
Package: kvoptions 2016/05/16 v3.12 Key value format for package options (HO)
)
\@linkdim=\dimen126
\Hy@linkcounter=\count118
\Hy@pagecounter=\count119
Package srcltx Info: Expanded filename `pd1enc.def' to `pd1enc.def.tex' on inpu
t line 849.
:<+ pd1enc.def.tex
(/usr/share/texlive/texmf-dist/tex/latex/hyperref/pd1enc.def
File: pd1enc.def 2016/06/24 v6.83q Hyperref: PDFDocEncoding definition (HO)
Now handling font encoding PD1 ...
... no UTF-8 mapping file for font encoding PD1
)
:<-
\Hy@SavedSpaceFactor=\count120
(/usr/share/texlive/texmf-dist/tex/latex/latexconfig/hyperref.cfg
File: hyperref.cfg 2002/06/06 v1.2 hyperref configuration of TeXLive
)
Package hyperref Info: Option `colorlinks' set `true' on input line 4362.
Package hyperref Info: Option `hyperindex' set `true' on input line 4362.
Package hyperref Info: Option `hypertexnames' set `false' on input line 4362.
Package hyperref Info: Hyper figures OFF on input line 4486.
Package hyperref Info: Link nesting OFF on input line 4491.
Package hyperref Info: Hyper index ON on input line 4494.
Package hyperref Info: Plain pages OFF on input line 4501.
Package hyperref Info: Backreferencing OFF on input line 4506.
Package hyperref Info: Implicit mode ON; LaTeX internals redefined.
Package hyperref Info: Bookmarks ON on input line 4735.
\c@Hy@tempcnt=\count121
(/usr/share/texlive/texmf-dist/tex/latex/url/url.sty
\Urlmuskip=\muskip11
Package: url 2013/09/16  ver 3.4  Verb mode for urls, etc.
)
LaTeX Info: Redefining \url on input line 5088.
\XeTeXLinkMargin=\dimen127
\Fld@menulength=\count122
\Field@Width=\dimen128
\Fld@charsize=\dimen129
Package hyperref Info: Hyper figures OFF on input line 6342.
Package hyperref Info: Link nesting OFF on input line 6347.
Package hyperref Info: Hyper index ON on input line 6350.
Package hyperref Info: backreferencing OFF on input line 6357.
Package hyperref Info: Link coloring ON on input line 6360.
Package hyperref Info: Link coloring with OCG OFF on input line 6367.
Package hyperref Info: PDF/A mode OFF on input line 6372.
LaTeX Info: Redefining \ref on input line 6412.
LaTeX Info: Redefining \pageref on input line 6416.
\Hy@abspage=\count123
\c@Item=\count124
\c@Hfootnote=\count125
)

Package hyperref Message: Driver (autodetected): hpdftex.

Package srcltx Info: Expanded filename `hpdftex.def' to `hpdftex.def.tex' on in
put line 42.
:<+ hpdftex.def.tex
(/usr/share/texlive/texmf-dist/tex/latex/hyperref/hpdftex.def
File: hpdftex.def 2016/06/24 v6.83q Hyperref driver for pdfTeX
\Fld@listcount=\count126
\c@bookmark@seq@number=\count127
(/usr/share/texlive/texmf-dist/tex/latex/oberdiek/rerunfilecheck.sty
Package: rerunfilecheck 2016/05/16 v1.8 Rerun checks for auxiliary files (HO)
Package uniquecounter Info: New unique counter `rerunfilecheck' on input line 2
82.
)
\Hy@SectionHShift=\skip56
)
:<-
(/usr/share/texlive/texmf-dist/tex/latex/subfig/subfig.sty
Package: subfig 2005/06/28 ver: 1.3 subfig package
(/usr/share/texlive/texmf-dist/tex/latex/caption/caption3.sty
Package: caption3 2016/05/22 v1.7-166 caption3 kernel (AR)
Package caption3 Info: TeX engine: e-TeX on input line 67.
\captionmargin=\dimen130
\captionmargin@=\dimen131
\captionwidth=\dimen132
\caption@tempdima=\dimen133
\caption@indent=\dimen134
\caption@parindent=\dimen135
\caption@hangindent=\dimen136
Package caption Info: Unknown document class (or package),
(caption)             standard defaults will be used.
)
\c@KVtest=\count128
\sf@farskip=\skip57
\sf@captopadj=\dimen137
\sf@capskip=\skip58
\sf@nearskip=\skip59
\c@subfigure=\count129
\c@subfigure@save=\count130
\c@lofdepth=\count131
\c@subtable=\count132
\c@subtable@save=\count133
\c@lotdepth=\count134
\sf@top=\skip60
\sf@bottom=\skip61
) (/usr/share/texlive/texmf-dist/tex/latex/setspace/setspace.sty
Package: setspace 2011/12/19 v6.7a set line spacing
)
Package srcltx Info: Expanded filename `Header/Header_Philipp.tex' to `Header/H
eader_Philipp.tex' on input line 62.
:<+ Header/Header_Philipp.tex
(./Header/Header_Philipp.tex (/usr/share/texlive/texmf-dist/tex/latex/tensor/te
nsor.sty
Package: tensor 2004/12/20 v2.1 tensor indices package (PGR)
\tnsr@Sps=\toks39
\tnsr@Sbs=\toks40
\tnsr@Spe=\toks41
\tnsr@Sbe=\toks42
\ncld@Mno=\toks43
) (/usr/share/texlive/texmf-dist/tex/latex/cleveref/cleveref.sty
Package: cleveref 2013/12/28 v0.19 Intelligent cross-referencing
Package cleveref Info: `hyperref' support loaded on input line 2230.
LaTeX Info: Redefining \cref on input line 2230.
LaTeX Info: Redefining \Cref on input line 2230.
LaTeX Info: Redefining \crefrange on input line 2230.
LaTeX Info: Redefining \Crefrange on input line 2230.
LaTeX Info: Redefining \cpageref on input line 2230.
LaTeX Info: Redefining \Cpageref on input line 2230.
LaTeX Info: Redefining \cpagerefrange on input line 2230.
LaTeX Info: Redefining \Cpagerefrange on input line 2230.
LaTeX Info: Redefining \labelcref on input line 2230.
LaTeX Info: Redefining \labelcpageref on input line 2230.
Package cleveref Info: `amsthm' support loaded on input line 2858.
Package cleveref Info: `subfig' support loaded on input line 2983.
)
\symmatha=\mathgroup8
\symmathx=\mathgroup9
)
:<-
(/usr/share/texlive/texmf-dist/tex/latex/biblatex/biblatex.sty
Package: biblatex 2016/12/05 v3.7 programmable bibliographies (PK/JW/AB)
(/usr/share/texlive/texmf-dist/tex/latex/etoolbox/etoolbox.sty
Package: etoolbox 2017/01/02 v2.4 e-TeX tools for LaTeX (JAW)
\etb@tempcnta=\count135
) (/usr/share/texlive/texmf-dist/tex/latex/logreq/logreq.sty
Package: logreq 2010/08/04 v1.0 xml request logger
\lrq@indent=\count136
Package srcltx Info: Expanded filename `logreq.def' to `logreq.def.tex' on inpu
t line 235.
:<+ logreq.def.tex
(/usr/share/texlive/texmf-dist/tex/latex/logreq/logreq.def
File: logreq.def 2010/08/04 v1.0 logreq spec v1.0
)
:<-
) (/usr/share/texlive/texmf-dist/tex/generic/xstring/xstring.sty (/usr/share/te
xlive/texmf-dist/tex/generic/xstring/xstring.tex
\@xs@message=\write3
\integerpart=\count137
\decimalpart=\count138
)
Package: xstring 2013/10/13  v1.7c  String manipulations (C Tellechea)
)
\c@tabx@nest=\count139
\c@listtotal=\count140
\c@listcount=\count141
\c@liststart=\count142
\c@liststop=\count143
\c@citecount=\count144
\c@citetotal=\count145
\c@multicitecount=\count146
\c@multicitetotal=\count147
\c@instcount=\count148
\c@maxnames=\count149
\c@minnames=\count150
\c@maxitems=\count151
\c@minitems=\count152
\c@citecounter=\count153
\c@savedcitecounter=\count154
\c@uniquelist=\count155
\c@uniquename=\count156
\c@refsection=\count157
\c@refsegment=\count158
\c@maxextratitle=\count159
\c@maxextratitleyear=\count160
\c@maxextrayear=\count161
\c@maxextraalpha=\count162
\c@abbrvpenalty=\count163
\c@highnamepenalty=\count164
\c@lownamepenalty=\count165
\c@maxparens=\count166
\c@parenlevel=\count167
\blx@tempcnta=\count168
\blx@tempcntb=\count169
\blx@tempcntc=\count170
\blx@maxsection=\count171
\blx@maxsegment@0=\count172
\blx@notetype=\count173
\blx@parenlevel@text=\count174
\blx@parenlevel@foot=\count175
\blx@sectionciteorder@0=\count176
\labelnumberwidth=\skip62
\labelalphawidth=\skip63
\biblabelsep=\skip64
\bibitemsep=\skip65
\bibnamesep=\skip66
\bibinitsep=\skip67
\bibparsep=\skip68
\bibhang=\skip69
\blx@bcfin=\read2
\blx@bcfout=\write4
\c@mincomprange=\count177
\c@maxcomprange=\count178
\c@mincompwidth=\count179
Package biblatex Info: Trying to load biblatex default data model...
Package biblatex Info: ... file 'blx-dm.def' found.
(/usr/share/texlive/texmf-dist/tex/latex/biblatex/blx-dm.def)
Package biblatex Info: Trying to load biblatex style data model...
Package biblatex Info: ... file 'ieee.dbx' not found.
Package biblatex Info: Trying to load biblatex custom data model...
Package biblatex Info: ... file 'biblatex-dm.cfg' not found.
\c@afterword=\count180
\c@savedafterword=\count181
\c@annotator=\count182
\c@savedannotator=\count183
\c@author=\count184
\c@savedauthor=\count185
\c@bookauthor=\count186
\c@savedbookauthor=\count187
\c@commentator=\count188
\c@savedcommentator=\count189
\c@editor=\count190
\c@savededitor=\count191
\c@editora=\count192
\c@savededitora=\count193
\c@editorb=\count194
\c@savededitorb=\count195
\c@editorc=\count196
\c@savededitorc=\count197
\c@foreword=\count198
\c@savedforeword=\count199
\c@holder=\count266
\c@savedholder=\count267
\c@introduction=\count268
\c@savedintroduction=\count269
\c@namea=\count270
\c@savednamea=\count271
\c@nameb=\count272
\c@savednameb=\count273
\c@namec=\count274
\c@savednamec=\count275
\c@translator=\count276
\c@savedtranslator=\count277
\c@shortauthor=\count278
\c@savedshortauthor=\count279
\c@shorteditor=\count280
\c@savedshorteditor=\count281
\c@labelname=\count282
\c@savedlabelname=\count283
\c@institution=\count284
\c@savedinstitution=\count285
\c@lista=\count286
\c@savedlista=\count287
\c@listb=\count288
\c@savedlistb=\count289
\c@listc=\count290
\c@savedlistc=\count291
\c@listd=\count292
\c@savedlistd=\count293
\c@liste=\count294
\c@savedliste=\count295
\c@listf=\count296
\c@savedlistf=\count297
\c@location=\count298
\c@savedlocation=\count299
\c@organization=\count300
\c@savedorganization=\count301
\c@origlocation=\count302
\c@savedoriglocation=\count303
\c@origpublisher=\count304
\c@savedorigpublisher=\count305
\c@publisher=\count306
\c@savedpublisher=\count307
\c@language=\count308
\c@savedlanguage=\count309
\c@pageref=\count310
\c@savedpageref=\count311
\shorthandwidth=\skip70
\shortjournalwidth=\skip71
\shortserieswidth=\skip72
\shorttitlewidth=\skip73
\shortauthorwidth=\skip74
\shorteditorwidth=\skip75
Package biblatex Info: Trying to load compatibility code...
Package biblatex Info: ... file 'blx-compat.def' found.
(/usr/share/texlive/texmf-dist/tex/latex/biblatex/blx-compat.def
File: blx-compat.def 2016/12/05 v3.7 biblatex compatibility (PK/JW/AB)
)
Package biblatex Info: Trying to load BibTeX backend compatibility...
Package biblatex Info: ... file 'blx-bibtex.def' found.
(/usr/share/texlive/texmf-dist/tex/latex/biblatex/blx-bibtex.def
File: blx-bibtex.def 2016/12/05 v3.7 biblatex compatibility (PK/JW/AB)

Package biblatex Warning: Using fall-back BibTeX(8) backend:
(biblatex)                functionality may be reduced/unavailable.

)
Package biblatex Info: Trying to load generic definitions...
Package biblatex Info: ... file 'biblatex.def' found.
(/usr/share/texlive/texmf-dist/tex/latex/biblatex/biblatex.def
File: biblatex.def 2016/12/05 v3.7 biblatex compatibility (PK/JW/AB)
\c@textcitecount=\count312
\c@textcitetotal=\count313
\c@textcitemaxnames=\count314
\c@biburlnumpenalty=\count315
\c@biburlucpenalty=\count316
\c@biburllcpenalty=\count317
\c@smartand=\count318
)
Package biblatex Info: Trying to load natbib compatibility...
Package biblatex Info: ... file 'blx-natbib.def' found.
(/usr/share/texlive/texmf-dist/tex/latex/biblatex/blx-natbib.def
File: blx-natbib.def 2016/12/05 v3.7 biblatex compatibility (PK/JW/AB)
)
Package biblatex Info: Trying to load bibliography style 'ieee'...
Package biblatex Info: ... file 'ieee.bbx' found.
(/usr/share/texlive/texmf-dist/tex/latex/biblatex-ieee/ieee.bbx
File: ieee.bbx 2016/12/30 vvv1.2 biblatex bibliography style
Package biblatex Info: Trying to load bibliography style 'numeric-comp'...
Package biblatex Info: ... file 'numeric-comp.bbx' found.
(/usr/share/texlive/texmf-dist/tex/latex/biblatex/bbx/numeric-comp.bbx
File: numeric-comp.bbx 2016/12/05 v3.7 biblatex bibliography style (PK/JW/AB)
Package biblatex Info: Trying to load bibliography style 'numeric'...
Package biblatex Info: ... file 'numeric.bbx' found.
(/usr/share/texlive/texmf-dist/tex/latex/biblatex/bbx/numeric.bbx
File: numeric.bbx 2016/12/05 v3.7 biblatex bibliography style (PK/JW/AB)
Package biblatex Info: Trying to load bibliography style 'standard'...
Package biblatex Info: ... file 'standard.bbx' found.
(/usr/share/texlive/texmf-dist/tex/latex/biblatex/bbx/standard.bbx
File: standard.bbx 2016/12/05 v3.7 biblatex bibliography style (PK/JW/AB)
\c@bbx:relatedcount=\count319
\c@bbx:relatedtotal=\count320
))))
Package biblatex Info: Trying to load citation style 'ieee'...
Package biblatex Info: ... file 'ieee.cbx' found.
(/usr/share/texlive/texmf-dist/tex/latex/biblatex-ieee/ieee.cbx
File: ieee.cbx 2016/12/30 vvv1.2 biblatex citation style
Package biblatex Info: Trying to load citation style 'numeric-comp'...
Package biblatex Info: ... file 'numeric-comp.cbx' found.
(/usr/share/texlive/texmf-dist/tex/latex/biblatex/cbx/numeric-comp.cbx
File: numeric-comp.cbx 2016/12/05 v3.7 biblatex citation style (PK/JW/AB)
\c@cbx@tempcnta=\count321
\c@cbx@tempcntb=\count322
Package biblatex Info: Redefining '\cite'.
Package biblatex Info: Redefining '\parencite'.
Package biblatex Info: Redefining '\footcite'.
Package biblatex Info: Redefining '\footcitetext'.
Package biblatex Info: Redefining '\smartcite'.
Package biblatex Info: Redefining '\supercite'.
Package biblatex Info: Redefining '\textcite'.
Package biblatex Info: Redefining '\textcites'.
Package biblatex Info: Redefining '\cites'.
Package biblatex Info: Redefining '\parencites'.
Package biblatex Info: Redefining '\smartcites'.
)
Package biblatex Info: Redefining '\cite'.
Package biblatex Info: Redefining '\cites'.
)
Package biblatex Info: Trying to load configuration file...
Package biblatex Info: ... file 'biblatex.cfg' found.
(/usr/share/texlive/texmf-dist/tex/latex/biblatex/biblatex.cfg
File: biblatex.cfg 
)

Package biblatex Warning: 'firstinits' option is deprecated, use 'giveninits' i
nstead.

) (/usr/share/texlive/texmf-dist/tex/latex/svg/svg.sty
Package: svg 2012/09/05 v1.0 SVG inclusion and extraction
(/usr/share/texlive/texmf-dist/tex/latex/xkeyval/xkeyval.sty
Package: xkeyval 2014/12/03 v2.7a package option processing (HA)
(/usr/share/texlive/texmf-dist/tex/generic/xkeyval/xkeyval.tex (/usr/share/texl
ive/texmf-dist/tex/generic/xkeyval/xkvutils.tex
\XKV@toks=\toks44
\XKV@tempa@toks=\toks45
)
\XKV@depth=\count323
File: xkeyval.tex 2014/12/03 v2.7a key=value parser (HA)
)) (/usr/share/texlive/texmf-dist/tex/latex/import/import.sty
Package: import 2009/03/23  v 5.1
) (/usr/share/texlive/texmf-dist/tex/latex/oberdiek/transparent.sty
Package: transparent 2016/05/16 v1.1 Transparency via pdfTeX's color stack (HO)

)
\SVG@out@width=\skip76
\SVG@out@height=\skip77
\c@svgfigure=\count324
)
\c@example=\count325
(/usr/share/texlive/texmf-dist/tex/latex/caption/caption.sty
Package: caption 2016/02/21 v3.3-144 Customizing captions (AR)

Package caption Warning: Unsupported document class (or package) detected,
(caption)                usage of the caption package is not recommended.
See the caption package documentation for explanation.

Package caption Info: \@makecaption = \long macro:#1#2->\vspace {10pt}\renewcom
mand {\baselinestretch }{\smallstretch } \small \sbox {\tempbox }{#1: #2} \ifth
enelse {\lengthtest {\wd \tempbox > \linewidth }} { #1: #2\par }{\begin {center
}#1: #2\end {center}}.
\c@ContinuedFloat=\count326
Package caption Info: float package is loaded.
Package caption Info: hyperref package is loaded.
)
Package biblatex Info: Trying to load language 'english'...
Package biblatex Info: ... file 'english.lbx' found.
(/usr/share/texlive/texmf-dist/tex/latex/biblatex/lbx/english.lbx
File: english.lbx 2016/12/05 v3.7 biblatex localization (PK/JW/AB)
)
\@quotelevel=\count327
\@quotereset=\count328
(./main.aux)
\openout1 = `main.aux'.

LaTeX Font Info:    Checking defaults for OML/cmm/m/it on input line 142.
LaTeX Font Info:    ... okay on input line 142.
LaTeX Font Info:    Checking defaults for T1/cmr/m/n on input line 142.
LaTeX Font Info:    ... okay on input line 142.
LaTeX Font Info:    Checking defaults for OT1/cmr/m/n on input line 142.
LaTeX Font Info:    ... okay on input line 142.
LaTeX Font Info:    Checking defaults for OMS/cmsy/m/n on input line 142.
LaTeX Font Info:    ... okay on input line 142.
LaTeX Font Info:    Checking defaults for OMX/cmex/m/n on input line 142.
LaTeX Font Info:    ... okay on input line 142.
LaTeX Font Info:    Checking defaults for U/mathx/m/n on input line 142.
LaTeX Font Info:    ... okay on input line 142.
LaTeX Font Info:    Checking defaults for PD1/pdf/m/n on input line 142.
LaTeX Font Info:    ... okay on input line 142.
(/usr/share/texlive/texmf-dist/tex/context/base/mkii/supp-pdf.mkii
[Loading MPS to PDF converter (version 2006.09.02).]
\scratchcounter=\count329
\scratchdimen=\dimen138
\scratchbox=\box32
\nofMPsegments=\count330
\nofMParguments=\count331
\everyMPshowfont=\toks46
\MPscratchCnt=\count332
\MPscratchDim=\dimen139
\MPnumerator=\count333
\makeMPintoPDFobject=\count334
\everyMPtoPDFconversion=\toks47
) (/usr/share/texlive/texmf-dist/tex/latex/oberdiek/epstopdf-base.sty
Package: epstopdf-base 2016/05/15 v2.6 Base part for package epstopdf
(/usr/share/texlive/texmf-dist/tex/latex/oberdiek/grfext.sty
Package: grfext 2016/05/16 v1.2 Manage graphics extensions (HO)
)
Package epstopdf-base Info: Redefining graphics rule for `.eps' on input line 4
38.
Package grfext Info: Graphics extension search list:
(grfext)             [.jpg,.pdf,.jpeg,.png,.eps]
(grfext)             \AppendGraphicsExtensions on input line 456.
(/usr/share/texlive/texmf-dist/tex/latex/latexconfig/epstopdf-sys.cfg
File: epstopdf-sys.cfg 2010/07/13 v1.3 Configuration of (r)epstopdf for TeX Liv
e
))
\AtBeginShipoutBox=\box33
Package hyperref Info: Link coloring ON on input line 142.
(/usr/share/texlive/texmf-dist/tex/latex/hyperref/nameref.sty
Package: nameref 2016/05/21 v2.44 Cross-referencing by name of section
(/usr/share/texlive/texmf-dist/tex/generic/oberdiek/gettitlestring.sty
Package: gettitlestring 2016/05/16 v1.5 Cleanup title references (HO)
)
\c@section@level=\count335
)
LaTeX Info: Redefining \ref on input line 142.
LaTeX Info: Redefining \pageref on input line 142.
LaTeX Info: Redefining \nameref on input line 142.
(./main.out) (./main.out)
\@outlinefile=\write5
\openout5 = `main.out'.

Package caption Info: Begin \AtBeginDocument code.
Package caption Info: subfig package v1.3 is loaded.
Package caption Info: End \AtBeginDocument code.
Package biblatex Info: Input encoding 'utf8' detected.
Package biblatex Info: Data encoding 'utf8' specified.
(biblatex)             No need to reencode data.
Package biblatex Info: Input encoding 'utf8' specified.
Package biblatex Info: Data encoding 'utf8' specified.
(biblatex)             No need to reencode data.
\openout4 = `main-blx.bib'.

Package biblatex Info: Trying to load bibliographic data...
Package biblatex Info: ... file 'main.bbl' found.
(./main.bbl

Package biblatex Warning: Biber reported the following issues
(biblatex)                with 'Erdem':
(biblatex)                - Can't use 'journaltitle' + 'journal'.


Package biblatex Warning: Biber reported the following issues
(biblatex)                with 'KMR':
(biblatex)                - Invalid format of field 'month'.


Package biblatex Warning: Biber reported the following issues
(biblatex)                with 'HSYR':
(biblatex)                - Invalid format of field 'month'.


Package biblatex Warning: Biber reported the following issues
(biblatex)                with 'MWMM':
(biblatex)                - Invalid format of field 'month'.


Package biblatex Warning: Biber reported the following issues
(biblatex)                with 'MSBD16a':
(biblatex)                - Invalid format of field 'month'.


Package biblatex Warning: Biber reported the following issues
(biblatex)                with 'AG18':
(biblatex)                - Invalid format of field 'month'.


Package biblatex Warning: Biber reported the following issues
(biblatex)                with 'GJ':
(biblatex)                - Invalid format of field 'month'.


Package biblatex Warning: Biber reported the following issues
(biblatex)                with 'Erdem1':
(biblatex)                - Invalid format of field 'month'.


Package biblatex Warning: Biber reported the following issues
(biblatex)                with 'CMB05':
(biblatex)                - Invalid format of field 'month'.


Package biblatex Warning: Biber reported the following issues
(biblatex)                with 'GJ16a':
(biblatex)                - Invalid format of field 'month'.


Package biblatex Warning: Biber reported the following issues
(biblatex)                with 'KSS18':
(biblatex)                - Can't use 'journaltitle' + 'journal'.


Package biblatex Warning: Biber reported the following issues
(biblatex)                with 'KJ17':
(biblatex)                - Invalid format of field 'month'.

)
Package biblatex Info: Reference section=0 on input line 142.
Package biblatex Info: Reference segment=0 on input line 142.
\c@corollary=\count336
LaTeX Font Info:    Try loading font information for U+msa on input line 166.
(/usr/share/texlive/texmf-dist/tex/latex/amsfonts/umsa.fd
File: umsa.fd 2013/01/14 v3.01 AMS symbols A
)
LaTeX Font Info:    Try loading font information for U+msb on input line 166.
(/usr/share/texlive/texmf-dist/tex/latex/amsfonts/umsb.fd
File: umsb.fd 2013/01/14 v3.01 AMS symbols B
)
LaTeX Font Info:    Try loading font information for U+lasy on input line 166.
(/usr/share/texlive/texmf-dist/tex/latex/base/ulasy.fd
File: ulasy.fd 1998/08/17 v2.2e LaTeX symbol font definitions
)
LaTeX Font Info:    Try loading font information for U+rsfs on input line 166.
(/usr/share/texlive/texmf-dist/tex/latex/jknapltx/ursfs.fd
File: ursfs.fd 1998/03/24 rsfs font definition file (jk)
)
Overfull \hbox (12.6188pt too wide) in paragraph at lines 166--166
 [] 
 []


Overfull \hbox (12.0pt too wide) in paragraph at lines 166--166
 [][] 
 []

LaTeX Font Info:    Font shape `U/lasy/b/n' in size <8> not available
(Font)              Font shape `U/lasy/m/n' tried instead on input line 188.
LaTeX Font Info:    Font shape `U/lasy/b/n' in size <6> not available
(Font)              Font shape `U/lasy/m/n' tried instead on input line 188.
[1

{/var/lib/texmf/fonts/map/pdftex/updmap/pdftex.map}]
Package srcltx Info: Expanded filename `UAVquacopter2.pdf_tex' to `UAVquacopter
2.pdf_tex.tex' on input line 264.
:<+ UAVquacopter2.pdf_tex.tex
(./UAVquacopter2.pdf_tex <UAVquacopter2.pdf, id=108, page=1, 460.07608pt x 222.
02632pt>
File: UAVquacopter2.pdf Graphic file (type pdf)
<use UAVquacopter2.pdf, page 1>
Package pdftex.def Info: UAVquacopter2.pdf, page1 used on input line 56.
(pdftex.def)             Requested size: 390.25534pt x 188.33365pt.
<UAVquacopter2.pdf, id=109, page=2, 460.07608pt x 222.02632pt>
File: UAVquacopter2.pdf Graphic file (type pdf)
<use UAVquacopter2.pdf, page 2>
Package pdftex.def Info: UAVquacopter2.pdf, page2 used on input line 58.
(pdftex.def)             Requested size: 390.25534pt x 188.33365pt.
<UAVquacopter2.pdf, id=110, page=3, 460.07608pt x 222.02632pt>
File: UAVquacopter2.pdf Graphic file (type pdf)
<use UAVquacopter2.pdf, page 3>
Package pdftex.def Info: UAVquacopter2.pdf, page3 used on input line 61.
(pdftex.def)             Requested size: 390.25534pt x 188.33365pt.
<UAVquacopter2.pdf, id=111, page=4, 460.07608pt x 222.02632pt>
File: UAVquacopter2.pdf Graphic file (type pdf)
<use UAVquacopter2.pdf, page 4>
Package pdftex.def Info: UAVquacopter2.pdf, page4 used on input line 63.
(pdftex.def)             Requested size: 390.25534pt x 188.33365pt.
<UAVquacopter2.pdf, id=112, page=5, 460.07608pt x 222.02632pt>
File: UAVquacopter2.pdf Graphic file (type pdf)
<use UAVquacopter2.pdf, page 5>
Package pdftex.def Info: UAVquacopter2.pdf, page5 used on input line 67.
(pdftex.def)             Requested size: 390.25534pt x 188.33365pt.
<UAVquacopter2.pdf, id=113, page=6, 460.07608pt x 222.02632pt>
File: UAVquacopter2.pdf Graphic file (type pdf)
<use UAVquacopter2.pdf, page 6>
Package pdftex.def Info: UAVquacopter2.pdf, page6 used on input line 70.
(pdftex.def)             Requested size: 390.25534pt x 188.33365pt.
<UAVquacopter2.pdf, id=114, page=7, 460.07608pt x 222.02632pt>
File: UAVquacopter2.pdf Graphic file (type pdf)
<use UAVquacopter2.pdf, page 7>
Package pdftex.def Info: UAVquacopter2.pdf, page7 used on input line 74.
(pdftex.def)             Requested size: 390.25534pt x 188.33365pt.
<UAVquacopter2.pdf, id=115, page=8, 460.07608pt x 222.02632pt>
File: UAVquacopter2.pdf Graphic file (type pdf)
<use UAVquacopter2.pdf, page 8>
Package pdftex.def Info: UAVquacopter2.pdf, page8 used on input line 76.
(pdftex.def)             Requested size: 390.25534pt x 188.33365pt.
<UAVquacopter2.pdf, id=116, page=9, 460.07608pt x 222.02632pt>
File: UAVquacopter2.pdf Graphic file (type pdf)
<use UAVquacopter2.pdf, page 9>
Package pdftex.def Info: UAVquacopter2.pdf, page9 used on input line 83.
(pdftex.def)             Requested size: 390.25534pt x 188.33365pt.
<UAVquacopter2.pdf, id=117, page=10, 460.07608pt x 222.02632pt>
File: UAVquacopter2.pdf Graphic file (type pdf)
<use UAVquacopter2.pdf, page 10>
Package pdftex.def Info: UAVquacopter2.pdf, page10 used on input line 85.
(pdftex.def)             Requested size: 390.25534pt x 188.33365pt.
<UAVquacopter2.pdf, id=118, page=11, 460.07608pt x 222.02632pt>
File: UAVquacopter2.pdf Graphic file (type pdf)
<use UAVquacopter2.pdf, page 11>
Package pdftex.def Info: UAVquacopter2.pdf, page11 used on input line 89.
(pdftex.def)             Requested size: 390.25534pt x 188.33365pt.
)
:<-
[2]
Overfull \hbox (40.38455pt too wide) in paragraph at lines 301--301
[] 
 []

[3 <./UAVquacopter2.pdf> <./UAVquacopter2.pdf

pdfTeX warning: pdflatex (file ./UAVquacopter2.pdf): PDF inclusion: multiple pd
fs with page group included in a single page
> <./UAVquacopter2.pdf

pdfTeX warning: pdflatex (file ./UAVquacopter2.pdf): PDF inclusion: multiple pd
fs with page group included in a single page
> <./UAVquacopter2.pdf

pdfTeX warning: pdflatex (file ./UAVquacopter2.pdf): PDF inclusion: multiple pd
fs with page group included in a single page
> <./UAVquacopter2.pdf

pdfTeX warning: pdflatex (file ./UAVquacopter2.pdf): PDF inclusion: multiple pd
fs with page group included in a single page
> <./UAVquacopter2.pdf

pdfTeX warning: pdflatex (file ./UAVquacopter2.pdf): PDF inclusion: multiple pd
fs with page group included in a single page
> <./UAVquacopter2.pdf

pdfTeX warning: pdflatex (file ./UAVquacopter2.pdf): PDF inclusion: multiple pd
fs with page group included in a single page
> <./UAVquacopter2.pdf

pdfTeX warning: pdflatex (file ./UAVquacopter2.pdf): PDF inclusion: multiple pd
fs with page group included in a single page
> <./UAVquacopter2.pdf

pdfTeX warning: pdflatex (file ./UAVquacopter2.pdf): PDF inclusion: multiple pd
fs with page group included in a single page
> <./UAVquacopter2.pdf

pdfTeX warning: pdflatex (file ./UAVquacopter2.pdf): PDF inclusion: multiple pd
fs with page group included in a single page
> <./UAVquacopter2.pdf

pdfTeX warning: pdflatex (file ./UAVquacopter2.pdf): PDF inclusion: multiple pd
fs with page group included in a single page
>] [4]
Package hyperref Info: bookmark level for unknown lemma defaults to 0 on input 
line 397.

Overfull \hbox (4.71463pt too wide) in paragraph at lines 407--407
[] 
 []

[5]
Overfull \hbox (33.46956pt too wide) in paragraph at lines 487--487
[] 
 []

[6]
Package hyperref Info: bookmark level for unknown theorem defaults to 0 on inpu
t line 570.
[7]
Overfull \hbox (30.67143pt too wide) in paragraph at lines 617--617
[] 
 []

Package hyperref Info: bookmark level for unknown corollary defaults to 0 on in
put line 632.
[8] [9] [10] [11] [12]
Overfull \hbox (13.92645pt too wide) in paragraph at lines 938--938
[] 
 []

[13] [14]
Package srcltx Info: Expanded filename `OptUAVonedimensional.pdf_tex' to `OptUA
Vonedimensional.pdf_tex.tex' on input line 1036.
:<+ OptUAVonedimensional.pdf_tex.tex
(./OptUAVonedimensional.pdf_tex <OptUAVonedimensional.pdf, id=353, page=1, 330.
87831pt x 146.3938pt>
File: OptUAVonedimensional.pdf Graphic file (type pdf)
<use OptUAVonedimensional.pdf, page 1>
Package pdftex.def Info: OptUAVonedimensional.pdf, page1 used on input line 52.

(pdftex.def)             Requested size: 390.25534pt x 172.665pt.
<OptUAVonedimensional.pdf, id=354, page=2, 330.87831pt x 146.3938pt>
File: OptUAVonedimensional.pdf Graphic file (type pdf)
<use OptUAVonedimensional.pdf, page 2>
Package pdftex.def Info: OptUAVonedimensional.pdf, page2 used on input line 55.

(pdftex.def)             Requested size: 390.25534pt x 172.665pt.
<OptUAVonedimensional.pdf, id=355, page=3, 330.87831pt x 146.3938pt>
File: OptUAVonedimensional.pdf Graphic file (type pdf)
<use OptUAVonedimensional.pdf, page 3>
Package pdftex.def Info: OptUAVonedimensional.pdf, page3 used on input line 57.

(pdftex.def)             Requested size: 390.25534pt x 172.665pt.
<OptUAVonedimensional.pdf, id=356, page=4, 330.87831pt x 146.3938pt>
File: OptUAVonedimensional.pdf Graphic file (type pdf)
<use OptUAVonedimensional.pdf, page 4>
Package pdftex.def Info: OptUAVonedimensional.pdf, page4 used on input line 61.

(pdftex.def)             Requested size: 390.25534pt x 172.665pt.
<OptUAVonedimensional.pdf, id=357, page=5, 330.87831pt x 146.3938pt>
File: OptUAVonedimensional.pdf Graphic file (type pdf)
<use OptUAVonedimensional.pdf, page 5>
Package pdftex.def Info: OptUAVonedimensional.pdf, page5 used on input line 65.

(pdftex.def)             Requested size: 390.25534pt x 172.665pt.
<OptUAVonedimensional.pdf, id=358, page=6, 330.87831pt x 146.3938pt>
File: OptUAVonedimensional.pdf Graphic file (type pdf)
<use OptUAVonedimensional.pdf, page 6>
Package pdftex.def Info: OptUAVonedimensional.pdf, page6 used on input line 68.

(pdftex.def)             Requested size: 390.25534pt x 172.665pt.
<OptUAVonedimensional.pdf, id=359, page=7, 330.87831pt x 146.3938pt>
File: OptUAVonedimensional.pdf Graphic file (type pdf)
<use OptUAVonedimensional.pdf, page 7>
Package pdftex.def Info: OptUAVonedimensional.pdf, page7 used on input line 71.

(pdftex.def)             Requested size: 390.25534pt x 172.665pt.
<OptUAVonedimensional.pdf, id=360, page=8, 330.87831pt x 146.3938pt>
File: OptUAVonedimensional.pdf Graphic file (type pdf)
<use OptUAVonedimensional.pdf, page 8>
Package pdftex.def Info: OptUAVonedimensional.pdf, page8 used on input line 73.

(pdftex.def)             Requested size: 390.25534pt x 172.665pt.
<OptUAVonedimensional.pdf, id=361, page=9, 330.87831pt x 146.3938pt>
File: OptUAVonedimensional.pdf Graphic file (type pdf)
<use OptUAVonedimensional.pdf, page 9>
Package pdftex.def Info: OptUAVonedimensional.pdf, page9 used on input line 75.

(pdftex.def)             Requested size: 390.25534pt x 172.665pt.
)
:<-
[15]
Overfull \hbox (41.79037pt too wide) in paragraph at lines 1082--1082
[] 
 []

[16 <./OptUAVonedimensional.pdf> <./OptUAVonedimensional.pdf

pdfTeX warning: pdflatex (file ./OptUAVonedimensional.pdf): PDF inclusion: mult
iple pdfs with page group included in a single page
> <./OptUAVonedimensional.pdf

pdfTeX warning: pdflatex (file ./OptUAVonedimensional.pdf): PDF inclusion: mult
iple pdfs with page group included in a single page
> <./OptUAVonedimensional.pdf

pdfTeX warning: pdflatex (file ./OptUAVonedimensional.pdf): PDF inclusion: mult
iple pdfs with page group included in a single page
> <./OptUAVonedimensional.pdf

pdfTeX warning: pdflatex (file ./OptUAVonedimensional.pdf): PDF inclusion: mult
iple pdfs with page group included in a single page
> <./OptUAVonedimensional.pdf

pdfTeX warning: pdflatex (file ./OptUAVonedimensional.pdf): PDF inclusion: mult
iple pdfs with page group included in a single page
> <./OptUAVonedimensional.pdf

pdfTeX warning: pdflatex (file ./OptUAVonedimensional.pdf): PDF inclusion: mult
iple pdfs with page group included in a single page
> <./OptUAVonedimensional.pdf

pdfTeX warning: pdflatex (file ./OptUAVonedimensional.pdf): PDF inclusion: mult
iple pdfs with page group included in a single page
> <./OptUAVonedimensional.pdf

pdfTeX warning: pdflatex (file ./OptUAVonedimensional.pdf): PDF inclusion: mult
iple pdfs with page group included in a single page
>] [17]
Overfull \hbox (5.7585pt too wide) in paragraph at lines 1197--1197
[] 
 []

[18]
Overfull \hbox (14.53586pt too wide) in paragraph at lines 1257--1261
\T1/cmr/m/it/12 where $[]\OT1/cmr/bx/n/12 q[] \OT1/cmr/m/n/12 = (\OML/cmm/m/it/
12 p[]; h[]\OT1/cmr/m/n/12 )$ \T1/cmr/m/it/12 is UAV $\OML/cmm/m/it/12 n$\T1/cm
r/m/it/12 's op-ti-mal de-ploy-ment, and $\OML/cmm/m/it/12 g\OT1/cmr/m/n/12 (\O
ML/cmm/m/it/12 \OT1/cmr/m/n/12 ) \U/msa/m/n/12 , [] [] [][] []\OML/cmm/m/it/12
 d!$
 []

[19] [20]
Overfull \hbox (28.87933pt too wide) in paragraph at lines 1369--1372
\T1/cmr/m/n/12 (i) If $[]\OML/cmm/m/it/12 b \OMS/cmsy/m/n/12 ^^T \OT1/cmr/m/n/1
2 0\OML/cmm/m/it/12 :\OT1/cmr/m/n/12 2$\T1/cmr/m/n/12 , the dis-tor-tions can b
e rewrit-ten as $\OML/cmm/m/it/12 D\OT1/cmr/m/n/12 (\OML/cmm/m/it/12 p; h\OT1/c
mr/m/n/12 ) = 4 [][] [] + 4 [][] [] +
 []

[21]
Package srcltx Info: Expanded filename `MoebiusAlgorithms' to `MoebiusAlgorithm
s.tex' on input line 1660.
:<+ MoebiusAlgorithms.tex
(./MoebiusAlgorithms.tex)
:<-
Package srcltx Info: Expanded filename `UAVbaseStations' to `UAVbaseStations.te
x' on input line 1661.
:<+ UAVbaseStations.tex
(./UAVbaseStations.tex [22]
Package srcltx Info: Expanded filename `UAVquacopter2_relay.pdf_tex' to `UAVqua
copter2_relay.pdf_tex.tex' on input line 30.
:<+ UAVquacopter2_relay.pdf_tex.tex
(./UAVquacopter2_relay.pdf_tex <UAVquacopter2_relay.pdf, id=489, page=1, 460.07
608pt x 222.02632pt>
File: UAVquacopter2_relay.pdf Graphic file (type pdf)
<use UAVquacopter2_relay.pdf, page 1>
Package pdftex.def Info: UAVquacopter2_relay.pdf, page1 used on input line 56.
(pdftex.def)             Requested size: 390.25534pt x 188.33365pt.
<UAVquacopter2_relay.pdf, id=490, page=2, 460.07608pt x 222.02632pt>
File: UAVquacopter2_relay.pdf Graphic file (type pdf)
<use UAVquacopter2_relay.pdf, page 2>
Package pdftex.def Info: UAVquacopter2_relay.pdf, page2 used on input line 58.
(pdftex.def)             Requested size: 390.25534pt x 188.33365pt.
<UAVquacopter2_relay.pdf, id=491, page=3, 460.07608pt x 222.02632pt>
File: UAVquacopter2_relay.pdf Graphic file (type pdf)
<use UAVquacopter2_relay.pdf, page 3>
Package pdftex.def Info: UAVquacopter2_relay.pdf, page3 used on input line 61.
(pdftex.def)             Requested size: 390.25534pt x 188.33365pt.
<UAVquacopter2_relay.pdf, id=492, page=4, 460.07608pt x 222.02632pt>
File: UAVquacopter2_relay.pdf Graphic file (type pdf)
<use UAVquacopter2_relay.pdf, page 4>
Package pdftex.def Info: UAVquacopter2_relay.pdf, page4 used on input line 63.
(pdftex.def)             Requested size: 390.25534pt x 188.33365pt.
<UAVquacopter2_relay.pdf, id=493, page=5, 460.07608pt x 222.02632pt>
File: UAVquacopter2_relay.pdf Graphic file (type pdf)
<use UAVquacopter2_relay.pdf, page 5>
Package pdftex.def Info: UAVquacopter2_relay.pdf, page5 used on input line 67.
(pdftex.def)             Requested size: 390.25534pt x 188.33365pt.
<UAVquacopter2_relay.pdf, id=494, page=6, 460.07608pt x 222.02632pt>
File: UAVquacopter2_relay.pdf Graphic file (type pdf)
<use UAVquacopter2_relay.pdf, page 6>
Package pdftex.def Info: UAVquacopter2_relay.pdf, page6 used on input line 70.
(pdftex.def)             Requested size: 390.25534pt x 188.33365pt.
<UAVquacopter2_relay.pdf, id=495, page=7, 460.07608pt x 222.02632pt>
File: UAVquacopter2_relay.pdf Graphic file (type pdf)
<use UAVquacopter2_relay.pdf, page 7>
Package pdftex.def Info: UAVquacopter2_relay.pdf, page7 used on input line 74.
(pdftex.def)             Requested size: 390.25534pt x 188.33365pt.
<UAVquacopter2_relay.pdf, id=496, page=8, 460.07608pt x 222.02632pt>
File: UAVquacopter2_relay.pdf Graphic file (type pdf)
<use UAVquacopter2_relay.pdf, page 8>
Package pdftex.def Info: UAVquacopter2_relay.pdf, page8 used on input line 76.
(pdftex.def)             Requested size: 390.25534pt x 188.33365pt.
<UAVquacopter2_relay.pdf, id=497, page=9, 460.07608pt x 222.02632pt>
File: UAVquacopter2_relay.pdf Graphic file (type pdf)
<use UAVquacopter2_relay.pdf, page 9>
Package pdftex.def Info: UAVquacopter2_relay.pdf, page9 used on input line 83.
(pdftex.def)             Requested size: 390.25534pt x 188.33365pt.
<UAVquacopter2_relay.pdf, id=498, page=10, 460.07608pt x 222.02632pt>
File: UAVquacopter2_relay.pdf Graphic file (type pdf)
<use UAVquacopter2_relay.pdf, page 10>
Package pdftex.def Info: UAVquacopter2_relay.pdf, page10 used on input line 85.

(pdftex.def)             Requested size: 390.25534pt x 188.33365pt.
<UAVquacopter2_relay.pdf, id=499, page=11, 460.07608pt x 222.02632pt>
File: UAVquacopter2_relay.pdf Graphic file (type pdf)
<use UAVquacopter2_relay.pdf, page 11>
Package pdftex.def Info: UAVquacopter2_relay.pdf, page11 used on input line 89.

(pdftex.def)             Requested size: 390.25534pt x 188.33365pt.
<UAVquacopter2_relay.pdf, id=500, page=12, 460.07608pt x 222.02632pt>
File: UAVquacopter2_relay.pdf Graphic file (type pdf)
<use UAVquacopter2_relay.pdf, page 12>
Package pdftex.def Info: UAVquacopter2_relay.pdf, page12 used on input line 92.

(pdftex.def)             Requested size: 390.25534pt x 188.33365pt.
)
:<-
)
:<-
[23 <./UAVquacopter2_relay.pdf> <./UAVquacopter2_relay.pdf

pdfTeX warning: pdflatex (file ./UAVquacopter2_relay.pdf): PDF inclusion: multi
ple pdfs with page group included in a single page
> <./UAVquacopter2_relay.pdf

pdfTeX warning: pdflatex (file ./UAVquacopter2_relay.pdf): PDF inclusion: multi
ple pdfs with page group included in a single page
> <./UAVquacopter2_relay.pdf

pdfTeX warning: pdflatex (file ./UAVquacopter2_relay.pdf): PDF inclusion: multi
ple pdfs with page group included in a single page
> <./UAVquacopter2_relay.pdf

pdfTeX warning: pdflatex (file ./UAVquacopter2_relay.pdf): PDF inclusion: multi
ple pdfs with page group included in a single page
> <./UAVquacopter2_relay.pdf

pdfTeX warning: pdflatex (file ./UAVquacopter2_relay.pdf): PDF inclusion: multi
ple pdfs with page group included in a single page
> <./UAVquacopter2_relay.pdf

pdfTeX warning: pdflatex (file ./UAVquacopter2_relay.pdf): PDF inclusion: multi
ple pdfs with page group included in a single page
> <./UAVquacopter2_relay.pdf

pdfTeX warning: pdflatex (file ./UAVquacopter2_relay.pdf): PDF inclusion: multi
ple pdfs with page group included in a single page
> <./UAVquacopter2_relay.pdf

pdfTeX warning: pdflatex (file ./UAVquacopter2_relay.pdf): PDF inclusion: multi
ple pdfs with page group included in a single page
> <./UAVquacopter2_relay.pdf

pdfTeX warning: pdflatex (file ./UAVquacopter2_relay.pdf): PDF inclusion: multi
ple pdfs with page group included in a single page
> <./UAVquacopter2_relay.pdf

pdfTeX warning: pdflatex (file ./UAVquacopter2_relay.pdf): PDF inclusion: multi
ple pdfs with page group included in a single page
> <./UAVquacopter2_relay.pdf

pdfTeX warning: pdflatex (file ./UAVquacopter2_relay.pdf): PDF inclusion: multi
ple pdfs with page group included in a single page
>]
Overfull \hbox (48.81679pt too wide) in paragraph at lines 1688--1693
\T1/cmr/m/n/12 Let $[]\OT1/cmr/bx/n/12 U\OT1/cmr/m/n/12 (\OML/cmm/m/it/12 t\OT1
/cmr/m/n/12 ) = []$ \T1/cmr/m/n/12 be UAVs' dy-namic con-trol, where $\OML/cmm/
m/it/12 u[]\OT1/cmr/m/n/12 (\OML/cmm/m/it/12 t\OT1/cmr/m/n/12 ) = [] =
 []

[24]

LaTeX Warning: Reference `zero' on page 25 undefined on input line 1784.

Package srcltx Info: Expanded filename `UniformScalarQuantizer' to `UniformScal
arQuantizer.tex' on input line 1956.
:<+ UniformScalarQuantizer.tex
(./UniformScalarQuantizer.tex [25] [26]
Overfull \hbox (17.45294pt too wide) in paragraph at lines 74--74
[] 
 []

[27]
Overfull \hbox (0.76553pt too wide) in paragraph at lines 141--141
[] 
 []


Overfull \hbox (27.0512pt too wide) in paragraph at lines 148--148
[] 
 []


Overfull \hbox (39.41959pt too wide) in paragraph at lines 156--156
[] 
 []

)
:<-
LaTeX Font Info:    Try loading font information for T1+cmtt on input line 1960
.
(/usr/share/texlive/texmf-dist/tex/latex/base/t1cmtt.fd
File: t1cmtt.fd 2014/09/29 v2.5h Standard LaTeX font definitions
) [28] [29]
Package atveryend Info: Empty hook `BeforeClearDocument' on input line 1961.
[30]
Package atveryend Info: Empty hook `AfterLastShipout' on input line 1961.
(./main.aux)
Package atveryend Info: Executing hook `AtVeryEndDocument' on input line 1961.
Package atveryend Info: Executing hook `AtEndAfterFileList' on input line 1961.

Package rerunfilecheck Info: File `main.out' has not changed.
(rerunfilecheck)             Checksum: 486A8DC38BD07E8231BC9BBA49C60AD5;1132.

LaTeX Warning: There were undefined references.

Package logreq Info: Writing requests to 'main.run.xml'.
\openout1 = `main.run.xml'.

Package atveryend Info: Empty hook `AtVeryVeryEnd' on input line 1961.
 ) 
Here is how much of TeX's memory you used:
 20326 strings out of 494893
 323095 string characters out of 6178672
 766326 words of memory out of 5000000
 23009 multiletter control sequences out of 15000+600000
 33510 words of font info for 103 fonts, out of 8000000 for 9000
 17 hyphenation exceptions out of 8191
 43i,21n,79p,939b,1445s stack positions out of 5000i,500n,10000p,200000b,80000s
pdfTeX warning (dest): name{Hfootnote.118} has been referenced but does not e
xist, replaced by a fixed one

pdfTeX warning (dest): name{Hfootnote.117} has been referenced but does not exi
st, replaced by a fixed one

pdfTeX warning (dest): name{Hfootnote.18} has been referenced but does not exis
t, replaced by a fixed one

 </home/philipp/.texlive2016/texmf-var/fonts/pk/ljfour/jknappen/ec/eccc1000.600
pk> </home/philipp/.texlive2016/texmf-var/fonts/pk/ljfour/jknappen/ec/ectt1000.
600pk> </home/philipp/.texlive2016/texmf-var/fonts/pk/ljfour/jknappen/ec/ecti10
00.600pk> </home/philipp/.texlive2016/texmf-var/fonts/pk/ljfour/jknappen/ec/ecr
m0600.600pk> </home/philipp/.texlive2016/texmf-var/fonts/pk/ljfour/jknappen/ec/
ecrm1000.600pk> </home/philipp/.texlive2016/texmf-var/fonts/pk/ljfour/jknappen/
ec/ecrm0700.600pk> </home/philipp/.texlive2016/texmf-var/fonts/pk/ljfour/jknapp
en/ec/ecti1200.600pk> </home/philipp/.texlive2016/texmf-var/fonts/pk/ljfour/jkn
appen/ec/ecrm0800.600pk> </home/philipp/.texlive2016/texmf-var/fonts/pk/ljfour/
jknappen/ec/ecbx1200.600pk> </home/philipp/.texlive2016/texmf-var/fonts/pk/ljfo
ur/jknappen/ec/ecti1095.600pk> </home/philipp/.texlive2016/texmf-var/fonts/pk/l
jfour/jknappen/ec/ecrm1095.600pk> </home/philipp/.texlive2016/texmf-var/fonts/p
k/ljfour/jknappen/ec/ecrm1200.600pk> </home/philipp/.texlive2016/texmf-var/font
s/pk/ljfour/jknappen/ec/ecrm1440.600pk></usr/share/texlive/texmf-dist/fonts/typ
e1/public/amsfonts/cm/cmbx12.pfb></usr/share/texlive/texmf-dist/fonts/type1/pub
lic/amsfonts/cm/cmbx8.pfb></usr/share/texlive/texmf-dist/fonts/type1/public/ams
fonts/cm/cmex10.pfb></usr/share/texlive/texmf-dist/fonts/type1/public/amsfonts/
cm/cmmi10.pfb></usr/share/texlive/texmf-dist/fonts/type1/public/amsfonts/cm/cmm
i12.pfb></usr/share/texlive/texmf-dist/fonts/type1/public/amsfonts/cm/cmmi6.pfb
></usr/share/texlive/texmf-dist/fonts/type1/public/amsfonts/cm/cmmi7.pfb></usr/
share/texlive/texmf-dist/fonts/type1/public/amsfonts/cm/cmmi8.pfb></usr/share/t
exlive/texmf-dist/fonts/type1/public/amsfonts/cm/cmmib10.pfb></usr/share/texliv
e/texmf-dist/fonts/type1/public/amsfonts/cm/cmr10.pfb></usr/share/texlive/texmf
-dist/fonts/type1/public/amsfonts/cm/cmr12.pfb></usr/share/texlive/texmf-dist/f
onts/type1/public/amsfonts/cm/cmr6.pfb></usr/share/texlive/texmf-dist/fonts/typ
e1/public/amsfonts/cm/cmr8.pfb></usr/share/texlive/texmf-dist/fonts/type1/publi
c/amsfonts/cm/cmsy10.pfb></usr/share/texlive/texmf-dist/fonts/type1/public/amsf
onts/cm/cmsy6.pfb></usr/share/texlive/texmf-dist/fonts/type1/public/amsfonts/cm
/cmsy8.pfb></usr/share/texlive/texmf-dist/fonts/type1/public/amsfonts/symbols/m
sam10.pfb></usr/share/texlive/texmf-dist/fonts/type1/public/amsfonts/symbols/ms
bm10.pfb>
Output written on main.pdf (30 pages, 529243 bytes).
PDF statistics:
 1236 PDF objects out of 1440 (max. 8388607)
 695 compressed objects within 7 object streams
 263 named destinations out of 1000 (max. 500000)
 281 words of extra memory for PDF output out of 10000 (max. 10000000)

